github.com/selabhvl/cpnmbt/rwregister/monitor.go:25:		RI			0.0%
github.com/selabhvl/cpnmbt/rwregister/monitor.go:29:		RR			100.0%
github.com/selabhvl/cpnmbt/rwregister/monitor.go:35:		WI			100.0%
github.com/selabhvl/cpnmbt/rwregister/monitor.go:45:		WR			100.0%
github.com/selabhvl/cpnmbt/rwregister/monitor.go:60:		NewEventMonitor		100.0%
github.com/selabhvl/cpnmbt/rwregister/monitor.go:70:		getLegalValues		100.0%
github.com/selabhvl/cpnmbt/rwregister/monitor.go:84:		monitor			100.0%
github.com/selabhvl/cpnmbt/rwregister/monitor.go:114:		contain			100.0%
github.com/selabhvl/cpnmbt/rwregister/register.pb.go:58:	Reset			0.0%
github.com/selabhvl/cpnmbt/rwregister/register.pb.go:59:	ProtoMessage		0.0%
github.com/selabhvl/cpnmbt/rwregister/register.pb.go:60:	Descriptor		0.0%
github.com/selabhvl/cpnmbt/rwregister/register.pb.go:62:	GetValue		66.7%
github.com/selabhvl/cpnmbt/rwregister/register.pb.go:69:	GetTimestamp		66.7%
github.com/selabhvl/cpnmbt/rwregister/register.pb.go:80:	Reset			100.0%
github.com/selabhvl/cpnmbt/rwregister/register.pb.go:81:	ProtoMessage		0.0%
github.com/selabhvl/cpnmbt/rwregister/register.pb.go:82:	Descriptor		0.0%
github.com/selabhvl/cpnmbt/rwregister/register.pb.go:84:	GetC			66.7%
github.com/selabhvl/cpnmbt/rwregister/register.pb.go:96:	Reset			100.0%
github.com/selabhvl/cpnmbt/rwregister/register.pb.go:97:	ProtoMessage		0.0%
github.com/selabhvl/cpnmbt/rwregister/register.pb.go:98:	Descriptor		0.0%
github.com/selabhvl/cpnmbt/rwregister/register.pb.go:100:	GetAck			100.0%
github.com/selabhvl/cpnmbt/rwregister/register.pb.go:110:	Reset			100.0%
github.com/selabhvl/cpnmbt/rwregister/register.pb.go:111:	ProtoMessage		0.0%
github.com/selabhvl/cpnmbt/rwregister/register.pb.go:112:	Descriptor		0.0%
github.com/selabhvl/cpnmbt/rwregister/register.pb.go:114:	init			100.0%
github.com/selabhvl/cpnmbt/rwregister/register.pb.go:145:	Read			100.0%
github.com/selabhvl/cpnmbt/rwregister/register.pb.go:150:	read			96.8%
github.com/selabhvl/cpnmbt/rwregister/register.pb.go:210:	callGRPCRead		100.0%
github.com/selabhvl/cpnmbt/rwregister/register.pb.go:233:	Write			100.0%
github.com/selabhvl/cpnmbt/rwregister/register.pb.go:238:	write			96.8%
github.com/selabhvl/cpnmbt/rwregister/register.pb.go:298:	callGRPCWrite		100.0%
github.com/selabhvl/cpnmbt/rwregister/register.pb.go:335:	connect			100.0%
github.com/selabhvl/cpnmbt/rwregister/register.pb.go:347:	close			40.0%
github.com/selabhvl/cpnmbt/rwregister/register.pb.go:386:	ID			0.0%
github.com/selabhvl/cpnmbt/rwregister/register.pb.go:393:	NodeIDs			0.0%
github.com/selabhvl/cpnmbt/rwregister/register.pb.go:403:	Nodes			0.0%
github.com/selabhvl/cpnmbt/rwregister/register.pb.go:408:	Size			0.0%
github.com/selabhvl/cpnmbt/rwregister/register.pb.go:412:	String			0.0%
github.com/selabhvl/cpnmbt/rwregister/register.pb.go:416:	tstring			100.0%
github.com/selabhvl/cpnmbt/rwregister/register.pb.go:422:	Equal			0.0%
github.com/selabhvl/cpnmbt/rwregister/register.pb.go:429:	Error			0.0%
github.com/selabhvl/cpnmbt/rwregister/register.pb.go:437:	Error			0.0%
github.com/selabhvl/cpnmbt/rwregister/register.pb.go:445:	Error			0.0%
github.com/selabhvl/cpnmbt/rwregister/register.pb.go:451:	ManagerCreationError	100.0%
github.com/selabhvl/cpnmbt/rwregister/register.pb.go:461:	Error			0.0%
github.com/selabhvl/cpnmbt/rwregister/register.pb.go:492:	NewManager		86.4%
github.com/selabhvl/cpnmbt/rwregister/register.pb.go:536:	createNode		83.3%
github.com/selabhvl/cpnmbt/rwregister/register.pb.go:563:	connectAll		90.9%
github.com/selabhvl/cpnmbt/rwregister/register.pb.go:584:	closeNodeConns		66.7%
github.com/selabhvl/cpnmbt/rwregister/register.pb.go:597:	Close			100.0%
github.com/selabhvl/cpnmbt/rwregister/register.pb.go:608:	NodeIDs			100.0%
github.com/selabhvl/cpnmbt/rwregister/register.pb.go:619:	Node			0.0%
github.com/selabhvl/cpnmbt/rwregister/register.pb.go:628:	Nodes			0.0%
github.com/selabhvl/cpnmbt/rwregister/register.pb.go:636:	ConfigurationIDs	0.0%
github.com/selabhvl/cpnmbt/rwregister/register.pb.go:648:	Configuration		0.0%
github.com/selabhvl/cpnmbt/rwregister/register.pb.go:656:	Configurations		0.0%
github.com/selabhvl/cpnmbt/rwregister/register.pb.go:667:	Size			0.0%
github.com/selabhvl/cpnmbt/rwregister/register.pb.go:675:	AddNode			0.0%
github.com/selabhvl/cpnmbt/rwregister/register.pb.go:681:	NewConfiguration	85.2%
github.com/selabhvl/cpnmbt/rwregister/register.pb.go:735:	Len			100.0%
github.com/selabhvl/cpnmbt/rwregister/register.pb.go:736:	Less			100.0%
github.com/selabhvl/cpnmbt/rwregister/register.pb.go:737:	Swap			100.0%
github.com/selabhvl/cpnmbt/rwregister/register.pb.go:742:	ID			100.0%
github.com/selabhvl/cpnmbt/rwregister/register.pb.go:747:	Address			0.0%
github.com/selabhvl/cpnmbt/rwregister/register.pb.go:751:	String			0.0%
github.com/selabhvl/cpnmbt/rwregister/register.pb.go:760:	setLastErr		100.0%
github.com/selabhvl/cpnmbt/rwregister/register.pb.go:768:	LastErr			0.0%
github.com/selabhvl/cpnmbt/rwregister/register.pb.go:774:	setLatency		100.0%
github.com/selabhvl/cpnmbt/rwregister/register.pb.go:782:	Latency			0.0%
github.com/selabhvl/cpnmbt/rwregister/register.pb.go:798:	Sort			0.0%
github.com/selabhvl/cpnmbt/rwregister/register.pb.go:805:	OrderedBy		0.0%
github.com/selabhvl/cpnmbt/rwregister/register.pb.go:812:	Len			0.0%
github.com/selabhvl/cpnmbt/rwregister/register.pb.go:817:	Swap			0.0%
github.com/selabhvl/cpnmbt/rwregister/register.pb.go:826:	Less			0.0%
github.com/selabhvl/cpnmbt/rwregister/register.pb.go:886:	WithGrpcDialOptions	100.0%
github.com/selabhvl/cpnmbt/rwregister/register.pb.go:894:	WithLogger		0.0%
github.com/selabhvl/cpnmbt/rwregister/register.pb.go:902:	WithNoConnect		0.0%
github.com/selabhvl/cpnmbt/rwregister/register.pb.go:911:	WithTracing		100.0%
github.com/selabhvl/cpnmbt/rwregister/register.pb.go:929:	String			0.0%
github.com/selabhvl/cpnmbt/rwregister/register.pb.go:947:	String			0.0%
github.com/selabhvl/cpnmbt/rwregister/register.pb.go:960:	String			0.0%
github.com/selabhvl/cpnmbt/rwregister/register.pb.go:973:	appendIfNotPresent	0.0%
github.com/selabhvl/cpnmbt/rwregister/register.pb.go:1001:	NewRegisterClient	100.0%
github.com/selabhvl/cpnmbt/rwregister/register.pb.go:1005:	Read			0.0%
github.com/selabhvl/cpnmbt/rwregister/register.pb.go:1014:	Write			0.0%
github.com/selabhvl/cpnmbt/rwregister/register.pb.go:1030:	RegisterRegisterServer	100.0%
github.com/selabhvl/cpnmbt/rwregister/register.pb.go:1034:	_Register_Read_Handler	44.4%
github.com/selabhvl/cpnmbt/rwregister/register.pb.go:1052:	_Register_Write_Handler	44.4%
github.com/selabhvl/cpnmbt/rwregister/register.pb.go:1087:	Marshal			0.0%
github.com/selabhvl/cpnmbt/rwregister/register.pb.go:1097:	MarshalTo		100.0%
github.com/selabhvl/cpnmbt/rwregister/register.pb.go:1116:	Marshal			83.3%
github.com/selabhvl/cpnmbt/rwregister/register.pb.go:1126:	MarshalTo		92.3%
github.com/selabhvl/cpnmbt/rwregister/register.pb.go:1144:	Marshal			83.3%
github.com/selabhvl/cpnmbt/rwregister/register.pb.go:1154:	MarshalTo		91.7%
github.com/selabhvl/cpnmbt/rwregister/register.pb.go:1172:	Marshal			83.3%
github.com/selabhvl/cpnmbt/rwregister/register.pb.go:1182:	MarshalTo		100.0%
github.com/selabhvl/cpnmbt/rwregister/register.pb.go:1190:	encodeFixed64Register	0.0%
github.com/selabhvl/cpnmbt/rwregister/register.pb.go:1201:	encodeFixed32Register	0.0%
github.com/selabhvl/cpnmbt/rwregister/register.pb.go:1208:	encodeVarintRegister	100.0%
github.com/selabhvl/cpnmbt/rwregister/register.pb.go:1217:	Size			100.0%
github.com/selabhvl/cpnmbt/rwregister/register.pb.go:1230:	Size			100.0%
github.com/selabhvl/cpnmbt/rwregister/register.pb.go:1240:	Size			100.0%
github.com/selabhvl/cpnmbt/rwregister/register.pb.go:1249:	Size			100.0%
github.com/selabhvl/cpnmbt/rwregister/register.pb.go:1255:	sovRegister		100.0%
github.com/selabhvl/cpnmbt/rwregister/register.pb.go:1265:	sozRegister		0.0%
github.com/selabhvl/cpnmbt/rwregister/register.pb.go:1268:	String			75.0%
github.com/selabhvl/cpnmbt/rwregister/register.pb.go:1279:	String			100.0%
github.com/selabhvl/cpnmbt/rwregister/register.pb.go:1289:	String			100.0%
github.com/selabhvl/cpnmbt/rwregister/register.pb.go:1299:	String			0.0%
github.com/selabhvl/cpnmbt/rwregister/register.pb.go:1308:	valueToStringRegister	0.0%
github.com/selabhvl/cpnmbt/rwregister/register.pb.go:1316:	Unmarshal		67.6%
github.com/selabhvl/cpnmbt/rwregister/register.pb.go:1414:	Unmarshal		64.9%
github.com/selabhvl/cpnmbt/rwregister/register.pb.go:1497:	Unmarshal		64.6%
github.com/selabhvl/cpnmbt/rwregister/register.pb.go:1567:	Unmarshal		14.7%
github.com/selabhvl/cpnmbt/rwregister/register.pb.go:1617:	skipRegister		0.0%
github.com/selabhvl/cpnmbt/rwregister/register.pb.go:1722:	init			100.0%
github.com/selabhvl/cpnmbt/rwregister/rwqspec.go:17:		NewQuoSpecQ		100.0%
github.com/selabhvl/cpnmbt/rwregister/rwqspec.go:27:		ReadQF			100.0%
github.com/selabhvl/cpnmbt/rwregister/rwqspec.go:48:		WriteQF			100.0%
github.com/selabhvl/cpnmbt/rwregister/rwregister.go:28:		NewRegisterBasic	100.0%
github.com/selabhvl/cpnmbt/rwregister/rwregister.go:39:		Read			100.0%
github.com/selabhvl/cpnmbt/rwregister/rwregister.go:48:		Write			100.0%
github.com/selabhvl/cpnmbt/rwregister/rwregister.go:62:		ReadExecuted		0.0%
github.com/selabhvl/cpnmbt/rwregister/rwregister.go:67:		WriteExecuted		0.0%
total:								(statements)		60.1%
